#
# There is insufficient memory for the Java Runtime Environment to continue.
# Native memory allocation (malloc) failed to allocate 32744 bytes for ChunkPool::allocate
# Possible reasons:
#   The system is out of physical RAM or swap space
#   The process is running with CompressedOops enabled, and the Java Heap may be blocking the growth of the native heap
# Possible solutions:
#   Reduce memory load on the system
#   Increase physical memory or swap space
#   Check if swap backing store is full
#   Decrease Java heap size (-Xmx/-Xms)
#   Decrease number of Java threads
#   Decrease Java thread stack sizes (-Xss)
#   Set larger code cache with -XX:ReservedCodeCacheSize=
#   JVM is running with Unscaled Compressed Oops mode in which the Java heap is
#     placed in the first 4GB address space. The Java Heap base address is the
#     maximum limit for the native heap growth. Please use -XX:HeapBaseMinAddress
#     to set the Java Heap base and to place the Java Heap above 4GB virtual address.
# This output file may be truncated or incomplete.
#
#  Out of Memory Error (arena.cpp:78), pid=4136, tid=9300
#
# JRE version: Java(TM) SE Runtime Environment (17.0.1+12) (build 17.0.1+12-LTS-39)
# Java VM: Java HotSpot(TM) 64-Bit Server VM (17.0.1+12-LTS-39, mixed mode, sharing, tiered, compressed oops, compressed class ptrs, g1 gc, windows-amd64)
# No core dump will be written. Minidumps are not enabled by default on client versions of Windows
#

---------------  S U M M A R Y ------------

Command Line: -javaagent:C:\Program Files\JetBrains\IntelliJ IDEA Community Edition 2022.3.3\lib\idea_rt.jar=59952:C:\Program Files\JetBrains\IntelliJ IDEA Community Edition 2022.3.3\bin -Dfile.encoding=UTF-8 com.example.demo.DemoApplication

Host: Intel(R) Core(TM) i5-7300HQ CPU @ 2.50GHz, 4 cores, 7G,  Windows 10 , 64 bit Build 19041 (10.0.19041.3155)
Time: Fri Sep 15 17:53:57 2023 Pacific Daylight Time elapsed time: 1.498651 seconds (0d 0h 0m 1s)

---------------  T H R E A D  ---------------

Current thread (0x0000018bf676efd0):  JavaThread "C1 CompilerThread0" daemon [_thread_in_native, id=9300, stack(0x0000001eca900000,0x0000001ecaa00000)]


Current CompileTask:
C1:   1498 1777       3       java.lang.invoke.MethodHandles$Lookup::getDirectMethodForConstant (72 bytes)

Stack: [0x0000001eca900000,0x0000001ecaa00000]
Native frames: (J=compiled Java code, j=interpreted, Vv=VM code, C=native code)
V  [jvm.dll+0x66fa1a]
V  [jvm.dll+0x7ce5a4]
V  [jvm.dll+0x7cfd4e]
V  [jvm.dll+0x7d03b3]
V  [jvm.dll+0x242b05]
V  [jvm.dll+0xaa2a0]
V  [jvm.dll+0xaa5ec]
V  [jvm.dll+0x11a145]
V  [jvm.dll+0x177ab4]
V  [jvm.dll+0x178093]
V  [jvm.dll+0x1323c3]
V  [jvm.dll+0x131cbf]
V  [jvm.dll+0x131ef6]
V  [jvm.dll+0x13138a]
V  [jvm.dll+0x133051]
V  [jvm.dll+0x224848]
V  [jvm.dll+0x2229ac]
V  [jvm.dll+0x78435b]
V  [jvm.dll+0x77e91a]
V  [jvm.dll+0x66e845]
C  [ucrtbase.dll+0x21bb2]
C  [KERNEL32.DLL+0x17614]
C  [ntdll.dll+0x526b1]


---------------  P R O C E S S  ---------------

Threads class SMR info:
_java_thread_list=0x0000018bf84df2e0, length=14, elements={
0x0000018bd8f8cb30, 0x0000018bf6753750, 0x0000018bf6754b60, 0x0000018bf6766020,
0x0000018bf67669d0, 0x0000018bf6767b20, 0x0000018bf676c170, 0x0000018bf676d5f0,
0x0000018bf676efd0, 0x0000018bf6785890, 0x0000018bf715e510, 0x0000018bf7311750,
0x0000018bf7311c20, 0x0000018bf7a1cf00
}

Java Threads: ( => current thread )
  0x0000018bd8f8cb30 JavaThread "main" [_thread_in_vm, id=17660, stack(0x0000001ec9b00000,0x0000001ec9c00000)]
  0x0000018bf6753750 JavaThread "Reference Handler" daemon [_thread_blocked, id=12732, stack(0x0000001eca200000,0x0000001eca300000)]
  0x0000018bf6754b60 JavaThread "Finalizer" daemon [_thread_blocked, id=3516, stack(0x0000001eca300000,0x0000001eca400000)]
  0x0000018bf6766020 JavaThread "Signal Dispatcher" daemon [_thread_blocked, id=2544, stack(0x0000001eca400000,0x0000001eca500000)]
  0x0000018bf67669d0 JavaThread "Attach Listener" daemon [_thread_blocked, id=14760, stack(0x0000001eca500000,0x0000001eca600000)]
  0x0000018bf6767b20 JavaThread "Service Thread" daemon [_thread_blocked, id=6536, stack(0x0000001eca600000,0x0000001eca700000)]
  0x0000018bf676c170 JavaThread "Monitor Deflation Thread" daemon [_thread_blocked, id=8084, stack(0x0000001eca700000,0x0000001eca800000)]
  0x0000018bf676d5f0 JavaThread "C2 CompilerThread0" daemon [_thread_in_native, id=2084, stack(0x0000001eca800000,0x0000001eca900000)]
=>0x0000018bf676efd0 JavaThread "C1 CompilerThread0" daemon [_thread_in_native, id=9300, stack(0x0000001eca900000,0x0000001ecaa00000)]
  0x0000018bf6785890 JavaThread "Sweeper thread" daemon [_thread_blocked, id=8772, stack(0x0000001ecaa00000,0x0000001ecab00000)]
  0x0000018bf715e510 JavaThread "Common-Cleaner" daemon [_thread_blocked, id=5804, stack(0x0000001ecab00000,0x0000001ecac00000)]
  0x0000018bf7311750 JavaThread "Monitor Ctrl-Break" daemon [_thread_in_native, id=6092, stack(0x0000001ecac00000,0x0000001ecad00000)]
  0x0000018bf7311c20 JavaThread "Notification Thread" daemon [_thread_blocked, id=8008, stack(0x0000001ecad00000,0x0000001ecae00000)]
  0x0000018bf7a1cf00 JavaThread "C2 CompilerThread1" daemon [_thread_in_native, id=18940, stack(0x0000001ecaf00000,0x0000001ecb000000)]

Other Threads:
  0x0000018bf674a7e0 VMThread "VM Thread" [stack: 0x0000001eca100000,0x0000001eca200000] [id=17564]
  0x0000018bf71ca740 WatcherThread [stack: 0x0000001ecae00000,0x0000001ecaf00000] [id=5272]
  0x0000018bd8fc8c80 GCTaskThread "GC Thread#0" [stack: 0x0000001ec9c00000,0x0000001ec9d00000] [id=19448]
  0x0000018bf7a1de20 GCTaskThread "GC Thread#1" [stack: 0x0000001ecb000000,0x0000001ecb100000] [id=11524]
  0x0000018bf7a1e0d0 GCTaskThread "GC Thread#2" [stack: 0x0000001ecb100000,0x0000001ecb200000] [id=8628]
  0x0000018bf77d4b70 GCTaskThread "GC Thread#3" [stack: 0x0000001ecb200000,0x0000001ecb300000] [id=12220]
  0x0000018bd6eceb00 ConcurrentGCThread "G1 Main Marker" [stack: 0x0000001ec9d00000,0x0000001ec9e00000] [id=8776]
  0x0000018bd8fd5a40 ConcurrentGCThread "G1 Conc#0" [stack: 0x0000001ec9e00000,0x0000001ec9f00000] [id=16640]
  0x0000018bd904ecb0 ConcurrentGCThread "G1 Refine#0" [stack: 0x0000001ec9f00000,0x0000001eca000000] [id=18264]
  0x0000018bf6604810 ConcurrentGCThread "G1 Service" [stack: 0x0000001eca000000,0x0000001eca100000] [id=12968]

Threads with active compile tasks:
C2 CompilerThread0     1552 1760   !   4       java.net.URL::<init> (543 bytes)
C1 CompilerThread0     1552 1777       3       java.lang.invoke.MethodHandles$Lookup::getDirectMethodForConstant (72 bytes)
C2 CompilerThread1     1552 1653       4       jdk.internal.org.objectweb.asm.Frame::execute (2305 bytes)

VM state: not at safepoint (normal execution)

VM Mutex/Monitor currently owned by a thread: None

Heap address: 0x0000000081e00000, size: 2018 MB, Compressed Oops mode: 32-bit

CDS archive(s) mapped at: [0x0000000800000000-0x0000000800bc0000-0x0000000800bc0000), size 12320768, SharedBaseAddress: 0x0000000800000000, ArchiveRelocationMode: 0.
Compressed class space mapped at: 0x0000000800c00000-0x0000000840c00000, reserved size: 1073741824
Narrow klass base: 0x0000000800000000, Narrow klass shift: 0, Narrow klass range: 0x100000000

GC Precious Log:
 CPUs: 4 total, 4 available
 Memory: 8069M
 Large Page Support: Disabled
 NUMA Support: Disabled
 Compressed Oops: Enabled (32-bit)
 Heap Region Size: 1M
 Heap Min Capacity: 8M
 Heap Initial Capacity: 128M
 Heap Max Capacity: 2018M
 Pre-touch: Disabled
 Parallel Workers: 4
 Concurrent Workers: 1
 Concurrent Refinement Workers: 4
 Periodic GC: Disabled

Heap:
 garbage-first heap   total 131072K, used 16196K [0x0000000081e00000, 0x0000000100000000)
  region size 1024K, 12 young (12288K), 4 survivors (4096K)
 Metaspace       used 14747K, committed 15040K, reserved 1064960K
  class space    used 1834K, committed 1984K, reserved 1048576K

Heap Regions: E=young(eden), S=young(survivor), O=old, HS=humongous(starts), HC=humongous(continues), CS=collection set, F=free, OA=open archive, CA=closed archive, TAMS=top-at-mark-start (previous, next)
|   0|0x0000000081e00000, 0x0000000081f00000, 0x0000000081f00000|100%|HS|  |TAMS 0x0000000081e00000, 0x0000000081e00000| Complete 
|   1|0x0000000081f00000, 0x0000000082000000, 0x0000000082000000|100%| O|  |TAMS 0x0000000081f00000, 0x0000000081f00000| Untracked 
|   2|0x0000000082000000, 0x0000000082100000, 0x0000000082100000|100%| O|  |TAMS 0x0000000082000000, 0x0000000082000000| Untracked 
|   3|0x0000000082100000, 0x0000000082200000, 0x0000000082200000|100%| O|  |TAMS 0x0000000082100000, 0x0000000082100000| Untracked 
|   4|0x0000000082200000, 0x0000000082300000, 0x0000000082300000|100%| O|  |TAMS 0x0000000082200000, 0x0000000082200000| Untracked 
|   5|0x0000000082300000, 0x00000000823ac200, 0x0000000082400000| 67%| O|  |TAMS 0x0000000082300000, 0x0000000082300000| Untracked 
|   6|0x0000000082400000, 0x0000000082400000, 0x0000000082500000|  0%| F|  |TAMS 0x0000000082400000, 0x0000000082400000| Untracked 
|   7|0x0000000082500000, 0x0000000082500000, 0x0000000082600000|  0%| F|  |TAMS 0x0000000082500000, 0x0000000082500000| Untracked 
|   8|0x0000000082600000, 0x0000000082600000, 0x0000000082700000|  0%| F|  |TAMS 0x0000000082600000, 0x0000000082600000| Untracked 
|   9|0x0000000082700000, 0x0000000082700000, 0x0000000082800000|  0%| F|  |TAMS 0x0000000082700000, 0x0000000082700000| Untracked 
|  10|0x0000000082800000, 0x0000000082800000, 0x0000000082900000|  0%| F|  |TAMS 0x0000000082800000, 0x0000000082800000| Untracked 
|  11|0x0000000082900000, 0x0000000082900000, 0x0000000082a00000|  0%| F|  |TAMS 0x0000000082900000, 0x0000000082900000| Untracked 
|  12|0x0000000082a00000, 0x0000000082a00000, 0x0000000082b00000|  0%| F|  |TAMS 0x0000000082a00000, 0x0000000082a00000| Untracked 
|  13|0x0000000082b00000, 0x0000000082b00000, 0x0000000082c00000|  0%| F|  |TAMS 0x0000000082b00000, 0x0000000082b00000| Untracked 
|  14|0x0000000082c00000, 0x0000000082c00000, 0x0000000082d00000|  0%| F|  |TAMS 0x0000000082c00000, 0x0000000082c00000| Untracked 
|  15|0x0000000082d00000, 0x0000000082d00000, 0x0000000082e00000|  0%| F|  |TAMS 0x0000000082d00000, 0x0000000082d00000| Untracked 
|  16|0x0000000082e00000, 0x0000000082e00000, 0x0000000082f00000|  0%| F|  |TAMS 0x0000000082e00000, 0x0000000082e00000| Untracked 
|  17|0x0000000082f00000, 0x0000000082f00000, 0x0000000083000000|  0%| F|  |TAMS 0x0000000082f00000, 0x0000000082f00000| Untracked 
|  18|0x0000000083000000, 0x0000000083000000, 0x0000000083100000|  0%| F|  |TAMS 0x0000000083000000, 0x0000000083000000| Untracked 
|  19|0x0000000083100000, 0x0000000083100000, 0x0000000083200000|  0%| F|  |TAMS 0x0000000083100000, 0x0000000083100000| Untracked 
|  20|0x0000000083200000, 0x0000000083200000, 0x0000000083300000|  0%| F|  |TAMS 0x0000000083200000, 0x0000000083200000| Untracked 
|  21|0x0000000083300000, 0x0000000083300000, 0x0000000083400000|  0%| F|  |TAMS 0x0000000083300000, 0x0000000083300000| Untracked 
|  22|0x0000000083400000, 0x0000000083400000, 0x0000000083500000|  0%| F|  |TAMS 0x0000000083400000, 0x0000000083400000| Untracked 
|  23|0x0000000083500000, 0x0000000083500000, 0x0000000083600000|  0%| F|  |TAMS 0x0000000083500000, 0x0000000083500000| Untracked 
|  24|0x0000000083600000, 0x0000000083600000, 0x0000000083700000|  0%| F|  |TAMS 0x0000000083600000, 0x0000000083600000| Untracked 
|  25|0x0000000083700000, 0x0000000083700000, 0x0000000083800000|  0%| F|  |TAMS 0x0000000083700000, 0x0000000083700000| Untracked 
|  26|0x0000000083800000, 0x0000000083800000, 0x0000000083900000|  0%| F|  |TAMS 0x0000000083800000, 0x0000000083800000| Untracked 
|  27|0x0000000083900000, 0x0000000083900000, 0x0000000083a00000|  0%| F|  |TAMS 0x0000000083900000, 0x0000000083900000| Untracked 
|  28|0x0000000083a00000, 0x0000000083a00000, 0x0000000083b00000|  0%| F|  |TAMS 0x0000000083a00000, 0x0000000083a00000| Untracked 
|  29|0x0000000083b00000, 0x0000000083b00000, 0x0000000083c00000|  0%| F|  |TAMS 0x0000000083b00000, 0x0000000083b00000| Untracked 
|  30|0x0000000083c00000, 0x0000000083c00000, 0x0000000083d00000|  0%| F|  |TAMS 0x0000000083c00000, 0x0000000083c00000| Untracked 
|  31|0x0000000083d00000, 0x0000000083d00000, 0x0000000083e00000|  0%| F|  |TAMS 0x0000000083d00000, 0x0000000083d00000| Untracked 
|  32|0x0000000083e00000, 0x0000000083e00000, 0x0000000083f00000|  0%| F|  |TAMS 0x0000000083e00000, 0x0000000083e00000| Untracked 
|  33|0x0000000083f00000, 0x0000000083f00000, 0x0000000084000000|  0%| F|  |TAMS 0x0000000083f00000, 0x0000000083f00000| Untracked 
|  34|0x0000000084000000, 0x0000000084000000, 0x0000000084100000|  0%| F|  |TAMS 0x0000000084000000, 0x0000000084000000| Untracked 
|  35|0x0000000084100000, 0x0000000084100000, 0x0000000084200000|  0%| F|  |TAMS 0x0000000084100000, 0x0000000084100000| Untracked 
|  36|0x0000000084200000, 0x0000000084200000, 0x0000000084300000|  0%| F|  |TAMS 0x0000000084200000, 0x0000000084200000| Untracked 
|  37|0x0000000084300000, 0x0000000084300000, 0x0000000084400000|  0%| F|  |TAMS 0x0000000084300000, 0x0000000084300000| Untracked 
|  38|0x0000000084400000, 0x0000000084400000, 0x0000000084500000|  0%| F|  |TAMS 0x0000000084400000, 0x0000000084400000| Untracked 
|  39|0x0000000084500000, 0x0000000084500000, 0x0000000084600000|  0%| F|  |TAMS 0x0000000084500000, 0x0000000084500000| Untracked 
|  40|0x0000000084600000, 0x0000000084600000, 0x0000000084700000|  0%| F|  |TAMS 0x0000000084600000, 0x0000000084600000| Untracked 
|  41|0x0000000084700000, 0x0000000084700000, 0x0000000084800000|  0%| F|  |TAMS 0x0000000084700000, 0x0000000084700000| Untracked 
|  42|0x0000000084800000, 0x0000000084800000, 0x0000000084900000|  0%| F|  |TAMS 0x0000000084800000, 0x0000000084800000| Untracked 
|  43|0x0000000084900000, 0x0000000084900000, 0x0000000084a00000|  0%| F|  |TAMS 0x0000000084900000, 0x0000000084900000| Untracked 
|  44|0x0000000084a00000, 0x0000000084a00000, 0x0000000084b00000|  0%| F|  |TAMS 0x0000000084a00000, 0x0000000084a00000| Untracked 
|  45|0x0000000084b00000, 0x0000000084b00000, 0x0000000084c00000|  0%| F|  |TAMS 0x0000000084b00000, 0x0000000084b00000| Untracked 
|  46|0x0000000084c00000, 0x0000000084c00000, 0x0000000084d00000|  0%| F|  |TAMS 0x0000000084c00000, 0x0000000084c00000| Untracked 
|  47|0x0000000084d00000, 0x0000000084d00000, 0x0000000084e00000|  0%| F|  |TAMS 0x0000000084d00000, 0x0000000084d00000| Untracked 
|  48|0x0000000084e00000, 0x0000000084e00000, 0x0000000084f00000|  0%| F|  |TAMS 0x0000000084e00000, 0x0000000084e00000| Untracked 
|  49|0x0000000084f00000, 0x0000000084f00000, 0x0000000085000000|  0%| F|  |TAMS 0x0000000084f00000, 0x0000000084f00000| Untracked 
|  50|0x0000000085000000, 0x0000000085000000, 0x0000000085100000|  0%| F|  |TAMS 0x0000000085000000, 0x0000000085000000| Untracked 
|  51|0x0000000085100000, 0x0000000085100000, 0x0000000085200000|  0%| F|  |TAMS 0x0000000085100000, 0x0000000085100000| Untracked 
|  52|0x0000000085200000, 0x0000000085200000, 0x0000000085300000|  0%| F|  |TAMS 0x0000000085200000, 0x0000000085200000| Untracked 
|  53|0x0000000085300000, 0x0000000085300000, 0x0000000085400000|  0%| F|  |TAMS 0x0000000085300000, 0x0000000085300000| Untracked 
|  54|0x0000000085400000, 0x0000000085400000, 0x0000000085500000|  0%| F|  |TAMS 0x0000000085400000, 0x0000000085400000| Untracked 
|  55|0x0000000085500000, 0x0000000085500000, 0x0000000085600000|  0%| F|  |TAMS 0x0000000085500000, 0x0000000085500000| Untracked 
|  56|0x0000000085600000, 0x0000000085600000, 0x0000000085700000|  0%| F|  |TAMS 0x0000000085600000, 0x0000000085600000| Untracked 
|  57|0x0000000085700000, 0x0000000085700000, 0x0000000085800000|  0%| F|  |TAMS 0x0000000085700000, 0x0000000085700000| Untracked 
|  58|0x0000000085800000, 0x0000000085800000, 0x0000000085900000|  0%| F|  |TAMS 0x0000000085800000, 0x0000000085800000| Untracked 
|  59|0x0000000085900000, 0x0000000085900000, 0x0000000085a00000|  0%| F|  |TAMS 0x0000000085900000, 0x0000000085900000| Untracked 
|  60|0x0000000085a00000, 0x0000000085a00000, 0x0000000085b00000|  0%| F|  |TAMS 0x0000000085a00000, 0x0000000085a00000| Untracked 
|  61|0x0000000085b00000, 0x0000000085b00000, 0x0000000085c00000|  0%| F|  |TAMS 0x0000000085b00000, 0x0000000085b00000| Untracked 
|  62|0x0000000085c00000, 0x0000000085c00000, 0x0000000085d00000|  0%| F|  |TAMS 0x0000000085c00000, 0x0000000085c00000| Untracked 
|  63|0x0000000085d00000, 0x0000000085d00000, 0x0000000085e00000|  0%| F|  |TAMS 0x0000000085d00000, 0x0000000085d00000| Untracked 
|  64|0x0000000085e00000, 0x0000000085e00000, 0x0000000085f00000|  0%| F|  |TAMS 0x0000000085e00000, 0x0000000085e00000| Untracked 
|  65|0x0000000085f00000, 0x0000000085f00000, 0x0000000086000000|  0%| F|  |TAMS 0x0000000085f00000, 0x0000000085f00000| Untracked 
|  66|0x0000000086000000, 0x0000000086000000, 0x0000000086100000|  0%| F|  |TAMS 0x0000000086000000, 0x0000000086000000| Untracked 
|  67|0x0000000086100000, 0x0000000086100000, 0x0000000086200000|  0%| F|  |TAMS 0x0000000086100000, 0x0000000086100000| Untracked 
|  68|0x0000000086200000, 0x0000000086200000, 0x0000000086300000|  0%| F|  |TAMS 0x0000000086200000, 0x0000000086200000| Untracked 
|  69|0x0000000086300000, 0x0000000086300000, 0x0000000086400000|  0%| F|  |TAMS 0x0000000086300000, 0x0000000086300000| Untracked 
|  70|0x0000000086400000, 0x0000000086400000, 0x0000000086500000|  0%| F|  |TAMS 0x0000000086400000, 0x0000000086400000| Untracked 
|  71|0x0000000086500000, 0x0000000086500000, 0x0000000086600000|  0%| F|  |TAMS 0x0000000086500000, 0x0000000086500000| Untracked 
|  72|0x0000000086600000, 0x0000000086600000, 0x0000000086700000|  0%| F|  |TAMS 0x0000000086600000, 0x0000000086600000| Untracked 
|  73|0x0000000086700000, 0x0000000086700000, 0x0000000086800000|  0%| F|  |TAMS 0x0000000086700000, 0x0000000086700000| Untracked 
|  74|0x0000000086800000, 0x0000000086800000, 0x0000000086900000|  0%| F|  |TAMS 0x0000000086800000, 0x0000000086800000| Untracked 
|  75|0x0000000086900000, 0x0000000086900000, 0x0000000086a00000|  0%| F|  |TAMS 0x0000000086900000, 0x0000000086900000| Untracked 
|  76|0x0000000086a00000, 0x0000000086a00000, 0x0000000086b00000|  0%| F|  |TAMS 0x0000000086a00000, 0x0000000086a00000| Untracked 
|  77|0x0000000086b00000, 0x0000000086b00000, 0x0000000086c00000|  0%| F|  |TAMS 0x0000000086b00000, 0x0000000086b00000| Untracked 
|  78|0x0000000086c00000, 0x0000000086c00000, 0x0000000086d00000|  0%| F|  |TAMS 0x0000000086c00000, 0x0000000086c00000| Untracked 
|  79|0x0000000086d00000, 0x0000000086d00000, 0x0000000086e00000|  0%| F|  |TAMS 0x0000000086d00000, 0x0000000086d00000| Untracked 
|  80|0x0000000086e00000, 0x0000000086e00000, 0x0000000086f00000|  0%| F|  |TAMS 0x0000000086e00000, 0x0000000086e00000| Untracked 
|  81|0x0000000086f00000, 0x0000000086f00000, 0x0000000087000000|  0%| F|  |TAMS 0x0000000086f00000, 0x0000000086f00000| Untracked 
|  82|0x0000000087000000, 0x0000000087000000, 0x0000000087100000|  0%| F|  |TAMS 0x0000000087000000, 0x0000000087000000| Untracked 
|  83|0x0000000087100000, 0x0000000087100000, 0x0000000087200000|  0%| F|  |TAMS 0x0000000087100000, 0x0000000087100000| Untracked 
|  84|0x0000000087200000, 0x0000000087200000, 0x0000000087300000|  0%| F|  |TAMS 0x0000000087200000, 0x0000000087200000| Untracked 
|  85|0x0000000087300000, 0x0000000087300000, 0x0000000087400000|  0%| F|  |TAMS 0x0000000087300000, 0x0000000087300000| Untracked 
|  86|0x0000000087400000, 0x0000000087400000, 0x0000000087500000|  0%| F|  |TAMS 0x0000000087400000, 0x0000000087400000| Untracked 
|  87|0x0000000087500000, 0x0000000087500000, 0x0000000087600000|  0%| F|  |TAMS 0x0000000087500000, 0x0000000087500000| Untracked 
|  88|0x0000000087600000, 0x0000000087600000, 0x0000000087700000|  0%| F|  |TAMS 0x0000000087600000, 0x0000000087600000| Untracked 
|  89|0x0000000087700000, 0x0000000087700000, 0x0000000087800000|  0%| F|  |TAMS 0x0000000087700000, 0x0000000087700000| Untracked 
|  90|0x0000000087800000, 0x0000000087800000, 0x0000000087900000|  0%| F|  |TAMS 0x0000000087800000, 0x0000000087800000| Untracked 
|  91|0x0000000087900000, 0x0000000087900000, 0x0000000087a00000|  0%| F|  |TAMS 0x0000000087900000, 0x0000000087900000| Untracked 
|  92|0x0000000087a00000, 0x0000000087a00000, 0x0000000087b00000|  0%| F|  |TAMS 0x0000000087a00000, 0x0000000087a00000| Untracked 
|  93|0x0000000087b00000, 0x0000000087b00000, 0x0000000087c00000|  0%| F|  |TAMS 0x0000000087b00000, 0x0000000087b00000| Untracked 
|  94|0x0000000087c00000, 0x0000000087c00000, 0x0000000087d00000|  0%| F|  |TAMS 0x0000000087c00000, 0x0000000087c00000| Untracked 
|  95|0x0000000087d00000, 0x0000000087d00000, 0x0000000087e00000|  0%| F|  |TAMS 0x0000000087d00000, 0x0000000087d00000| Untracked 
|  96|0x0000000087e00000, 0x0000000087e24e70, 0x0000000087f00000| 14%| S|CS|TAMS 0x0000000087e00000, 0x0000000087e00000| Complete 
|  97|0x0000000087f00000, 0x0000000088000000, 0x0000000088000000|100%| S|CS|TAMS 0x0000000087f00000, 0x0000000087f00000| Complete 
|  98|0x0000000088000000, 0x0000000088100000, 0x0000000088100000|100%| S|CS|TAMS 0x0000000088000000, 0x0000000088000000| Complete 
|  99|0x0000000088100000, 0x0000000088200000, 0x0000000088200000|100%| S|CS|TAMS 0x0000000088100000, 0x0000000088100000| Complete 
| 100|0x0000000088200000, 0x0000000088200000, 0x0000000088300000|  0%| F|  |TAMS 0x0000000088200000, 0x0000000088200000| Untracked 
| 101|0x0000000088300000, 0x0000000088300000, 0x0000000088400000|  0%| F|  |TAMS 0x0000000088300000, 0x0000000088300000| Untracked 
| 102|0x0000000088400000, 0x0000000088400000, 0x0000000088500000|  0%| F|  |TAMS 0x0000000088400000, 0x0000000088400000| Untracked 
| 103|0x0000000088500000, 0x0000000088500000, 0x0000000088600000|  0%| F|  |TAMS 0x0000000088500000, 0x0000000088500000| Untracked 
| 104|0x0000000088600000, 0x0000000088600000, 0x0000000088700000|  0%| F|  |TAMS 0x0000000088600000, 0x0000000088600000| Untracked 
| 105|0x0000000088700000, 0x0000000088700000, 0x0000000088800000|  0%| F|  |TAMS 0x0000000088700000, 0x0000000088700000| Untracked 
| 106|0x0000000088800000, 0x0000000088800000, 0x0000000088900000|  0%| F|  |TAMS 0x0000000088800000, 0x0000000088800000| Untracked 
| 107|0x0000000088900000, 0x0000000088900000, 0x0000000088a00000|  0%| F|  |TAMS 0x0000000088900000, 0x0000000088900000| Untracked 
| 108|0x0000000088a00000, 0x0000000088a00000, 0x0000000088b00000|  0%| F|  |TAMS 0x0000000088a00000, 0x0000000088a00000| Untracked 
| 109|0x0000000088b00000, 0x0000000088b00000, 0x0000000088c00000|  0%| F|  |TAMS 0x0000000088b00000, 0x0000000088b00000| Untracked 
| 110|0x0000000088c00000, 0x0000000088c00000, 0x0000000088d00000|  0%| F|  |TAMS 0x0000000088c00000, 0x0000000088c00000| Untracked 
| 111|0x0000000088d00000, 0x0000000088d00000, 0x0000000088e00000|  0%| F|  |TAMS 0x0000000088d00000, 0x0000000088d00000| Untracked 
| 112|0x0000000088e00000, 0x0000000088e00000, 0x0000000088f00000|  0%| F|  |TAMS 0x0000000088e00000, 0x0000000088e00000| Untracked 
| 113|0x0000000088f00000, 0x0000000088f00000, 0x0000000089000000|  0%| F|  |TAMS 0x0000000088f00000, 0x0000000088f00000| Untracked 
| 114|0x0000000089000000, 0x0000000089000000, 0x0000000089100000|  0%| F|  |TAMS 0x0000000089000000, 0x0000000089000000| Untracked 
| 115|0x0000000089100000, 0x0000000089100000, 0x0000000089200000|  0%| F|  |TAMS 0x0000000089100000, 0x0000000089100000| Untracked 
| 116|0x0000000089200000, 0x0000000089200000, 0x0000000089300000|  0%| F|  |TAMS 0x0000000089200000, 0x0000000089200000| Untracked 
| 117|0x0000000089300000, 0x0000000089300000, 0x0000000089400000|  0%| F|  |TAMS 0x0000000089300000, 0x0000000089300000| Untracked 
| 118|0x0000000089400000, 0x0000000089400000, 0x0000000089500000|  0%| F|  |TAMS 0x0000000089400000, 0x0000000089400000| Untracked 
| 119|0x0000000089500000, 0x0000000089500000, 0x0000000089600000|  0%| F|  |TAMS 0x0000000089500000, 0x0000000089500000| Untracked 
| 120|0x0000000089600000, 0x0000000089680800, 0x0000000089700000| 50%| E|  |TAMS 0x0000000089600000, 0x0000000089600000| Complete 
| 121|0x0000000089700000, 0x0000000089800000, 0x0000000089800000|100%| E|CS|TAMS 0x0000000089700000, 0x0000000089700000| Complete 
| 122|0x0000000089800000, 0x0000000089900000, 0x0000000089900000|100%| E|CS|TAMS 0x0000000089800000, 0x0000000089800000| Complete 
| 123|0x0000000089900000, 0x0000000089a00000, 0x0000000089a00000|100%| E|CS|TAMS 0x0000000089900000, 0x0000000089900000| Complete 
| 124|0x0000000089a00000, 0x0000000089b00000, 0x0000000089b00000|100%| E|CS|TAMS 0x0000000089a00000, 0x0000000089a00000| Complete 
| 125|0x0000000089b00000, 0x0000000089c00000, 0x0000000089c00000|100%| E|CS|TAMS 0x0000000089b00000, 0x0000000089b00000| Complete 
| 126|0x0000000089c00000, 0x0000000089d00000, 0x0000000089d00000|100%| E|CS|TAMS 0x0000000089c00000, 0x0000000089c00000| Complete 
| 127|0x0000000089d00000, 0x0000000089e00000, 0x0000000089e00000|100%| E|CS|TAMS 0x0000000089d00000, 0x0000000089d00000| Complete 

Card table byte_map: [0x0000018befb80000,0x0000018beff80000] _byte_map_base: 0x0000018bef771000

Marking Bits (Prev, Next): (CMBitMap*) 0x0000018bd6eca2e0, (CMBitMap*) 0x0000018bd6eca320
 Prev Bits: [0x0000018bf0380000, 0x0000018bf2308000)
 Next Bits: [0x0000018bf2310000, 0x0000018bf4298000)

Polling page: 0x0000018bd8750000

Metaspace:

Usage:
  Non-class:     12.61 MB used.
      Class:      1.79 MB used.
       Both:     14.40 MB used.

Virtual space:
  Non-class space:       16.00 MB reserved,      12.75 MB ( 80%) committed,  2 nodes.
      Class space:        1.00 GB reserved,       1.94 MB ( <1%) committed,  1 nodes.
             Both:        1.02 GB reserved,      14.69 MB (  1%) committed. 

Chunk freelists:
   Non-Class:  3.12 MB
       Class:  2.05 MB
        Both:  5.17 MB

MaxMetaspaceSize: unlimited
CompressedClassSpaceSize: 1.00 GB
Initial GC threshold: 21.00 MB
Current GC threshold: 21.00 MB
CDS: on
MetaspaceReclaimPolicy: balanced
 - commit_granule_bytes: 65536.
 - commit_granule_words: 8192.
 - virtual_space_node_default_size: 1048576.
 - enlarge_chunks_in_place: 1.
 - new_chunks_are_fully_committed: 0.
 - uncommit_free_chunks: 1.
 - use_allocation_guard: 0.
 - handle_deallocations: 1.


Internal statistics:

num_allocs_failed_limit: 0.
num_arena_births: 196.
num_arena_deaths: 0.
num_vsnodes_births: 3.
num_vsnodes_deaths: 0.
num_space_committed: 235.
num_space_uncommitted: 0.
num_chunks_returned_to_freelist: 0.
num_chunks_taken_from_freelist: 659.
num_chunk_merges: 0.
num_chunk_splits: 459.
num_chunks_enlarged: 368.
num_purges: 0.
num_inconsistent_stats: 0.

CodeHeap 'non-profiled nmethods': size=120000Kb used=649Kb max_used=649Kb free=119350Kb
 bounds [0x0000018be8250000, 0x0000018be84c0000, 0x0000018bef780000]
CodeHeap 'profiled nmethods': size=120000Kb used=3220Kb max_used=3220Kb free=116779Kb
 bounds [0x0000018be0d20000, 0x0000018be1050000, 0x0000018be8250000]
CodeHeap 'non-nmethods': size=5760Kb used=1179Kb max_used=1201Kb free=4580Kb
 bounds [0x0000018be0780000, 0x0000018be09f0000, 0x0000018be0d20000]
 total_blobs=2247 nmethods=1775 adapters=384
 compilation: enabled
              stopped_count=0, restarted_count=0
 full_count=0

Compilation events (20 events):
Event: 1.468 Thread 0x0000018bf676efd0 nmethod 1764 0x0000018be103c710 code [0x0000018be103c8e0, 0x0000018be103cc68]
Event: 1.468 Thread 0x0000018bf676efd0 1765       3       java.lang.Class::privateGetDeclaredConstructors (79 bytes)
Event: 1.469 Thread 0x0000018bf676efd0 nmethod 1765 0x0000018be103cd90 code [0x0000018be103cf80, 0x0000018be103d4c8]
Event: 1.475 Thread 0x0000018bf676efd0 1766       3       java.util.HashSet::contains (9 bytes)
Event: 1.476 Thread 0x0000018bf676efd0 nmethod 1766 0x0000018be103d690 code [0x0000018be103d840, 0x0000018be103da08]
Event: 1.477 Thread 0x0000018bf676efd0 1767       3       jdk.internal.org.objectweb.asm.ClassVisitor::<init> (88 bytes)
Event: 1.478 Thread 0x0000018bf676efd0 nmethod 1767 0x0000018be103db10 code [0x0000018be103dd60, 0x0000018be103e648]
Event: 1.478 Thread 0x0000018bf676efd0 1768       3       jdk.internal.org.objectweb.asm.SymbolTable::<init> (41 bytes)
Event: 1.478 Thread 0x0000018bf676efd0 nmethod 1768 0x0000018be103e910 code [0x0000018be103eae0, 0x0000018be103f058]
Event: 1.479 Thread 0x0000018bf676efd0 1769       3       java.util.zip.ZipCoder::hash (36 bytes)
Event: 1.480 Thread 0x0000018bf676efd0 nmethod 1769 0x0000018be103f190 code [0x0000018be103f3a0, 0x0000018be103fac8]
Event: 1.480 Thread 0x0000018bf676efd0 1770   !   3       java.util.zip.ZipFile$Source::getEntryPos (173 bytes)
Event: 1.481 Thread 0x0000018bf676efd0 nmethod 1770 0x0000018be103fd90 code [0x0000018be1040080, 0x0000018be1041128]
Event: 1.482 Thread 0x0000018bf676efd0 1772       3       jdk.internal.org.objectweb.asm.FieldWriter::putFieldInfo (269 bytes)
Event: 1.484 Thread 0x0000018bf676efd0 nmethod 1772 0x0000018be1041b10 code [0x0000018be1041d80, 0x0000018be10426c8]
Event: 1.487 Thread 0x0000018bf676efd0 1774       3       java.io.WinNTFileSystem::normalize (143 bytes)
Event: 1.488 Thread 0x0000018bf676efd0 nmethod 1774 0x0000018be1042a10 code [0x0000018be1042ca0, 0x0000018be1043878]
Event: 1.489 Thread 0x0000018bf676efd0 1776       3       java.lang.invoke.MethodHandles$Lookup::resolveOrFail (44 bytes)
Event: 1.490 Thread 0x0000018bf676efd0 nmethod 1776 0x0000018be1043d10 code [0x0000018be1043fc0, 0x0000018be1044c88]
Event: 1.490 Thread 0x0000018bf676efd0 1777       3       java.lang.invoke.MethodHandles$Lookup::getDirectMethodForConstant (72 bytes)

GC Heap History (6 events):
Event: 0.524 GC heap before
{Heap before GC invocations=0 (full 0):
 garbage-first heap   total 131072K, used 14336K [0x0000000081e00000, 0x0000000100000000)
  region size 1024K, 13 young (13312K), 0 survivors (0K)
 Metaspace       used 2840K, committed 3008K, reserved 1056768K
  class space    used 277K, committed 384K, reserved 1048576K
}
Event: 0.527 GC heap after
{Heap after GC invocations=1 (full 0):
 garbage-first heap   total 131072K, used 5811K [0x0000000081e00000, 0x0000000100000000)
  region size 1024K, 2 young (2048K), 2 survivors (2048K)
 Metaspace       used 2840K, committed 3008K, reserved 1056768K
  class space    used 277K, committed 384K, reserved 1048576K
}
Event: 0.925 GC heap before
{Heap before GC invocations=1 (full 0):
 garbage-first heap   total 131072K, used 18099K [0x0000000081e00000, 0x0000000100000000)
  region size 1024K, 14 young (14336K), 2 survivors (2048K)
 Metaspace       used 6460K, committed 6656K, reserved 1056768K
  class space    used 777K, committed 896K, reserved 1048576K
}
Event: 0.928 GC heap after
{Heap after GC invocations=2 (full 0):
 garbage-first heap   total 131072K, used 6949K [0x0000000081e00000, 0x0000000100000000)
  region size 1024K, 2 young (2048K), 2 survivors (2048K)
 Metaspace       used 6460K, committed 6656K, reserved 1056768K
  class space    used 777K, committed 896K, reserved 1048576K
}
Event: 1.400 GC heap before
{Heap before GC invocations=2 (full 0):
 garbage-first heap   total 131072K, used 33573K [0x0000000081e00000, 0x0000000100000000)
  region size 1024K, 28 young (28672K), 2 survivors (2048K)
 Metaspace       used 13079K, committed 13248K, reserved 1064960K
  class space    used 1589K, committed 1664K, reserved 1048576K
}
Event: 1.404 GC heap after
{Heap after GC invocations=3 (full 0):
 garbage-first heap   total 131072K, used 9028K [0x0000000081e00000, 0x0000000100000000)
  region size 1024K, 4 young (4096K), 4 survivors (4096K)
 Metaspace       used 13079K, committed 13248K, reserved 1064960K
  class space    used 1589K, committed 1664K, reserved 1048576K
}

Deoptimization events (20 events):
Event: 1.310 Thread 0x0000018bd8f8cb30 Uncommon trap: trap_request=0xffffff45 fr.pc=0x0000018be82b0814 relative=0x00000000000002f4
Event: 1.310 Thread 0x0000018bd8f8cb30 Uncommon trap: reason=unstable_if action=reinterpret pc=0x0000018be82b0814 method=jdk.internal.org.objectweb.asm.SymbolTable.put(Ljdk/internal/org/objectweb/asm/SymbolTable$Entry;)Ljdk/internal/org/objectweb/asm/SymbolTable$Entry; @ 13 c2
Event: 1.310 Thread 0x0000018bd8f8cb30 DEOPT PACKING pc=0x0000018be82b0814 sp=0x0000001ec9bfd880
Event: 1.310 Thread 0x0000018bd8f8cb30 DEOPT UNPACKING pc=0x0000018be07d23a3 sp=0x0000001ec9bfd800 mode 2
Event: 1.479 Thread 0x0000018bd8f8cb30 Uncommon trap: trap_request=0xffffff45 fr.pc=0x0000018be82aa098 relative=0x0000000000001538
Event: 1.479 Thread 0x0000018bd8f8cb30 Uncommon trap: reason=unstable_if action=reinterpret pc=0x0000018be82aa098 method=java.io.WinNTFileSystem.normalize(Ljava/lang/String;)Ljava/lang/String; @ 128 c2
Event: 1.479 Thread 0x0000018bd8f8cb30 DEOPT PACKING pc=0x0000018be82aa098 sp=0x0000001ec9bfe2e0
Event: 1.479 Thread 0x0000018bd8f8cb30 DEOPT UNPACKING pc=0x0000018be07d23a3 sp=0x0000001ec9bfe2b8 mode 2
Event: 1.479 Thread 0x0000018bd8f8cb30 Uncommon trap: trap_request=0xffffff45 fr.pc=0x0000018be828a414 relative=0x00000000000006b4
Event: 1.479 Thread 0x0000018bd8f8cb30 Uncommon trap: reason=unstable_if action=reinterpret pc=0x0000018be828a414 method=java.util.zip.ZipCoder.hash(Ljava/lang/String;)I @ 23 c2
Event: 1.479 Thread 0x0000018bd8f8cb30 DEOPT PACKING pc=0x0000018be828a414 sp=0x0000001ec9bfe400
Event: 1.479 Thread 0x0000018bd8f8cb30 DEOPT UNPACKING pc=0x0000018be07d23a3 sp=0x0000001ec9bfe318 mode 2
Event: 1.479 Thread 0x0000018bd8f8cb30 Uncommon trap: trap_request=0xffffff45 fr.pc=0x0000018be8282734 relative=0x0000000000000294
Event: 1.479 Thread 0x0000018bd8f8cb30 Uncommon trap: reason=unstable_if action=reinterpret pc=0x0000018be8282734 method=java.util.zip.ZipCoder.hash(Ljava/lang/String;)I @ 23 c2
Event: 1.479 Thread 0x0000018bd8f8cb30 DEOPT PACKING pc=0x0000018be8282734 sp=0x0000001ec9bfe370
Event: 1.479 Thread 0x0000018bd8f8cb30 DEOPT UNPACKING pc=0x0000018be07d23a3 sp=0x0000001ec9bfe308 mode 2
Event: 1.482 Thread 0x0000018bd8f8cb30 Uncommon trap: trap_request=0xffffff45 fr.pc=0x0000018be82699c0 relative=0x0000000000000040
Event: 1.482 Thread 0x0000018bd8f8cb30 Uncommon trap: reason=unstable_if action=reinterpret pc=0x0000018be82699c0 method=sun.nio.fs.WindowsPathParser.isSlash(C)Z @ 9 c2
Event: 1.482 Thread 0x0000018bd8f8cb30 DEOPT PACKING pc=0x0000018be82699c0 sp=0x0000001ec9bfe540
Event: 1.482 Thread 0x0000018bd8f8cb30 DEOPT UNPACKING pc=0x0000018be07d23a3 sp=0x0000001ec9bfe4c8 mode 2

Classes unloaded (0 events):
No events

Classes redefined (0 events):
No events

Internal exceptions (20 events):
Event: 0.949 Thread 0x0000018bd8f8cb30 Exception <a 'java/lang/NoSuchMethodError'{0x0000000089db8e08}: 'int java.lang.invoke.DirectMethodHandle$Holder.invokeInterface(java.lang.Object, java.lang.Object)'> (0x0000000089db8e08) 
thrown [t:\workspace\open\src\hotspot\share\interpreter\linkResolver.cpp, line 766]
Event: 0.987 Thread 0x0000018bd8f8cb30 Exception <a 'java/lang/NoSuchMethodError'{0x0000000089cda800}: 'java.lang.Object java.lang.invoke.DirectMethodHandle$Holder.invokeSpecial(java.lang.Object, java.lang.Object, java.lang.Object, int, java.lang.Object)'> (0x0000000089cda800) 
thrown [t:\workspace\open\src\hotspot\share\interpreter\linkResolver.cpp, line 766]
Event: 0.987 Thread 0x0000018bd8f8cb30 Exception <a 'java/lang/NoSuchMethodError'{0x0000000089ce2e60}: 'java.lang.Object java.lang.invoke.DirectMethodHandle$Holder.newInvokeSpecial(java.lang.Object, java.lang.Object, java.lang.Object, int, java.lang.Object)'> (0x0000000089ce2e60) 
thrown [t:\workspace\open\src\hotspot\share\interpreter\linkResolver.cpp, line 766]
Event: 0.988 Thread 0x0000018bd8f8cb30 Exception <a 'java/lang/NoSuchMethodError'{0x0000000089cea830}: 'java.lang.Object java.lang.invoke.Invokers$Holder.linkToTargetMethod(java.lang.Object, java.lang.Object, int, java.lang.Object, java.lang.Object)'> (0x0000000089cea830) 
thrown [t:\workspace\open\src\hotspot\share\interpreter\linkResolver.cpp, line 766]
Event: 0.989 Thread 0x0000018bd8f8cb30 Exception <a 'java/lang/NoSuchMethodError'{0x0000000089cf9770}: 'java.lang.Object java.lang.invoke.DirectMethodHandle$Holder.newInvokeSpecial(java.lang.Object, int, java.lang.Object)'> (0x0000000089cf9770) 
thrown [t:\workspace\open\src\hotspot\share\interpreter\linkResolver.cpp, line 766]
Event: 0.990 Thread 0x0000018bd8f8cb30 Exception <a 'java/lang/NoSuchMethodError'{0x0000000089cfe4d8}: 'int java.lang.invoke.DirectMethodHandle$Holder.invokeSpecialIFC(java.lang.Object, java.lang.Object, java.lang.Object, java.lang.Object)'> (0x0000000089cfe4d8) 
thrown [t:\workspace\open\src\hotspot\share\interpreter\linkResolver.cpp, line 766]
Event: 1.016 Thread 0x0000018bd8f8cb30 Exception <a 'java/lang/NoSuchMethodError'{0x0000000089bdecd8}: 'void java.lang.invoke.DirectMethodHandle$Holder.invokeInterface(java.lang.Object, java.lang.Object, java.lang.Object)'> (0x0000000089bdecd8) 
thrown [t:\workspace\open\src\hotspot\share\interpreter\linkResolver.cpp, line 766]
Event: 1.046 Thread 0x0000018bd8f8cb30 Exception <a 'java/lang/NoSuchMethodError'{0x0000000089a4e1e0}: 'void java.lang.invoke.DirectMethodHandle$Holder.invokeStaticInit(java.lang.Object, java.lang.Object)'> (0x0000000089a4e1e0) 
thrown [t:\workspace\open\src\hotspot\share\interpreter\linkResolver.cpp, line 766]
Event: 1.048 Thread 0x0000018bd8f8cb30 Exception <a 'java/lang/NoSuchMethodError'{0x0000000089a5aca0}: 'void java.lang.invoke.DirectMethodHandle$Holder.invokeStaticInit(java.lang.Object, java.lang.Object, java.lang.Object)'> (0x0000000089a5aca0) 
thrown [t:\workspace\open\src\hotspot\share\interpreter\linkResolver.cpp, line 766]
Event: 1.055 Thread 0x0000018bd8f8cb30 Exception <a 'java/lang/NoSuchMethodError'{0x0000000089a99460}: 'java.lang.Object java.lang.invoke.DirectMethodHandle$Holder.invokeStatic(java.lang.Object, java.lang.Object, long, java.lang.Object)'> (0x0000000089a99460) 
thrown [t:\workspace\open\src\hotspot\share\interpreter\linkResolver.cpp, line 766]
Event: 1.056 Thread 0x0000018bd8f8cb30 Exception <a 'java/lang/NoSuchMethodError'{0x0000000089a9cef8}: 'java.lang.Object java.lang.invoke.DirectMethodHandle$Holder.invokeStaticInit(java.lang.Object, java.lang.Object, long, java.lang.Object)'> (0x0000000089a9cef8) 
thrown [t:\workspace\open\src\hotspot\share\interpreter\linkResolver.cpp, line 766]
Event: 1.056 Thread 0x0000018bd8f8cb30 Exception <a 'java/lang/NoSuchMethodError'{0x0000000089aa3638}: 'java.lang.Object java.lang.invoke.DirectMethodHandle$Holder.newInvokeSpecial(java.lang.Object, java.lang.Object, long)'> (0x0000000089aa3638) 
thrown [t:\workspace\open\src\hotspot\share\interpreter\linkResolver.cpp, line 766]
Event: 1.056 Thread 0x0000018bd8f8cb30 Exception <a 'java/lang/NoSuchMethodError'{0x0000000089aa71a8}: 'java.lang.Object java.lang.invoke.Invokers$Holder.linkToTargetMethod(java.lang.Object, long, java.lang.Object)'> (0x0000000089aa71a8) 
thrown [t:\workspace\open\src\hotspot\share\interpreter\linkResolver.cpp, line 766]
Event: 1.072 Thread 0x0000018bd8f8cb30 Exception <a 'java/lang/NoSuchMethodError'{0x0000000089aef660}: 'void java.lang.invoke.DirectMethodHandle$Holder.invokeVirtual(java.lang.Object, java.lang.Object, java.lang.Object, java.lang.Object)'> (0x0000000089aef660) 
thrown [t:\workspace\open\src\hotspot\share\interpreter\linkResolver.cpp, line 766]
Event: 1.125 Thread 0x0000018bd8f8cb30 Exception <a 'java/lang/NoSuchMethodError'{0x000000008974d148}: 'void java.lang.invoke.DirectMethodHandle$Holder.invokeSpecial(java.lang.Object, java.lang.Object, java.lang.Object)'> (0x000000008974d148) 
thrown [t:\workspace\open\src\hotspot\share\interpreter\linkResolver.cpp, line 766]
Event: 1.125 Thread 0x0000018bd8f8cb30 Exception <a 'java/lang/NoSuchMethodError'{0x0000000089753720}: 'void java.lang.invoke.DirectMethodHandle$Holder.invokeSpecial(java.lang.Object, java.lang.Object, java.lang.Object, java.lang.Object, java.lang.Object)'> (0x0000000089753720) 
thrown [t:\workspace\open\src\hotspot\share\interpreter\linkResolver.cpp, line 766]
Event: 1.164 Thread 0x0000018bf81a5bb0 Exception <a 'java/lang/NoClassDefFoundError'{0x0000000089696e98}: jakarta/validation/Validation> (0x0000000089696e98) 
thrown [t:\workspace\open\src\hotspot\share\classfile\systemDictionary.cpp, line 245]
Event: 1.166 Thread 0x0000018bd8f8cb30 Exception <a 'java/lang/IncompatibleClassChangeError'{0x0000000089657f98}: Found class java.lang.Object, but interface was expected> (0x0000000089657f98) 
thrown [t:\workspace\open\src\hotspot\share\interpreter\linkResolver.cpp, line 833]
Event: 1.482 Thread 0x0000018bd8f8cb30 Exception <a 'java/lang/NoSuchMethodError'{0x0000000089972148}: 'int java.lang.invoke.DirectMethodHandle$Holder.invokeSpecial(java.lang.Object, java.lang.Object, java.lang.Object, java.lang.Object, java.lang.Object)'> (0x0000000089972148) 
thrown [t:\workspace\open\src\hotspot\share\interpreter\linkResolver.cpp, line 766]
Event: 1.489 Thread 0x0000018bd8f8cb30 Exception <a 'java/lang/NoSuchMethodError'{0x000000008997b1a8}: 'void java.lang.invoke.DirectMethodHandle$Holder.invokeVirtual(java.lang.Object, java.lang.Object)'> (0x000000008997b1a8) 
thrown [t:\workspace\open\src\hotspot\share\interpreter\linkResolver.cpp, line 766]

VM Operations (20 events):
Event: 0.524 Executing VM operation: G1CollectForAllocation
Event: 0.527 Executing VM operation: G1CollectForAllocation done
Event: 0.749 Executing VM operation: HandshakeAllThreads
Event: 0.749 Executing VM operation: HandshakeAllThreads done
Event: 0.925 Executing VM operation: G1CollectForAllocation
Event: 0.928 Executing VM operation: G1CollectForAllocation done
Event: 0.964 Executing VM operation: HandshakeAllThreads
Event: 0.964 Executing VM operation: HandshakeAllThreads done
Event: 1.122 Executing VM operation: HandshakeAllThreads
Event: 1.122 Executing VM operation: HandshakeAllThreads done
Event: 1.288 Executing VM operation: HandshakeAllThreads
Event: 1.288 Executing VM operation: HandshakeAllThreads done
Event: 1.294 Executing VM operation: ICBufferFull
Event: 1.294 Executing VM operation: ICBufferFull done
Event: 1.390 Executing VM operation: HandshakeAllThreads
Event: 1.390 Executing VM operation: HandshakeAllThreads done
Event: 1.400 Executing VM operation: G1CollectForAllocation
Event: 1.405 Executing VM operation: G1CollectForAllocation done
Event: 1.459 Executing VM operation: HandshakeAllThreads
Event: 1.459 Executing VM operation: HandshakeAllThreads done

Events (20 events):
Event: 1.486 loading class java/nio/file/DirectoryStream$Filter done
Event: 1.486 loading class java/nio/file/Files$AcceptAllFilter done
Event: 1.488 loading class sun/nio/fs/WindowsDirectoryStream
Event: 1.488 loading class java/nio/file/DirectoryStream
Event: 1.488 loading class java/nio/file/DirectoryStream done
Event: 1.488 loading class sun/nio/fs/WindowsDirectoryStream done
Event: 1.488 loading class java/nio/file/FileTreeWalker$DirectoryNode
Event: 1.488 loading class java/nio/file/FileTreeWalker$DirectoryNode done
Event: 1.488 loading class sun/nio/fs/WindowsDirectoryStream$WindowsDirectoryIterator
Event: 1.488 loading class sun/nio/fs/WindowsDirectoryStream$WindowsDirectoryIterator done
Event: 1.488 loading class java/nio/file/FileTreeWalker$Event
Event: 1.488 loading class java/nio/file/FileTreeWalker$Event done
Event: 1.488 loading class java/nio/file/FileTreeWalker$EventType
Event: 1.488 loading class java/nio/file/FileTreeWalker$EventType done
Event: 1.490 loading class java/util/stream/SortedOps
Event: 1.491 loading class java/util/stream/SortedOps done
Event: 1.492 loading class java/util/stream/SortedOps$OfRef
Event: 1.492 loading class java/util/stream/SortedOps$OfRef done
Event: 1.492 loading class java/util/Comparators$NaturalOrderComparator
Event: 1.492 loading class java/util/Comparators$NaturalOrderComparator done


Dynamic libraries:
0x00007ff7b90b0000 - 0x00007ff7b90c0000 	C:\Program Files\Java\jdk-17.0.1\bin\java.exe
0x00007ff864550000 - 0x00007ff864748000 	C:\WINDOWS\SYSTEM32\ntdll.dll
0x00007ff82eef0000 - 0x00007ff82ef09000 	C:\Program Files\AVAST Software\Avast\aswhook.dll
0x00007ff863e10000 - 0x00007ff863ecf000 	C:\WINDOWS\System32\KERNEL32.DLL
0x00007ff861fc0000 - 0x00007ff8622b6000 	C:\WINDOWS\System32\KERNELBASE.dll
0x00007ff861ec0000 - 0x00007ff861fc0000 	C:\WINDOWS\System32\ucrtbase.dll
0x00007ff85b6d0000 - 0x00007ff85b6e8000 	C:\Program Files\Java\jdk-17.0.1\bin\jli.dll
0x00007ff859080000 - 0x00007ff85909a000 	C:\Program Files\Java\jdk-17.0.1\bin\VCRUNTIME140.dll
0x00007ff863b20000 - 0x00007ff863bcf000 	C:\WINDOWS\System32\ADVAPI32.dll
0x00007ff863cd0000 - 0x00007ff863d6e000 	C:\WINDOWS\System32\msvcrt.dll
0x00007ff863d70000 - 0x00007ff863e0c000 	C:\WINDOWS\System32\sechost.dll
0x00007ff8627f0000 - 0x00007ff862916000 	C:\WINDOWS\System32\RPCRT4.dll
0x00007ff862610000 - 0x00007ff8627ad000 	C:\WINDOWS\System32\USER32.dll
0x00007ff861c30000 - 0x00007ff861c52000 	C:\WINDOWS\System32\win32u.dll
0x00007ff850d50000 - 0x00007ff850fea000 	C:\WINDOWS\WinSxS\amd64_microsoft.windows.common-controls_6595b64144ccf1df_6.0.19041.1110_none_60b5254171f9507e\COMCTL32.dll
0x00007ff863ca0000 - 0x00007ff863ccc000 	C:\WINDOWS\System32\GDI32.dll
0x00007ff861c60000 - 0x00007ff861d75000 	C:\WINDOWS\System32\gdi32full.dll
0x00007ff861e20000 - 0x00007ff861ebd000 	C:\WINDOWS\System32\msvcp_win.dll
0x00007ff85b230000 - 0x00007ff85b23a000 	C:\WINDOWS\SYSTEM32\VERSION.dll
0x00007ff8627c0000 - 0x00007ff8627f0000 	C:\WINDOWS\System32\IMM32.DLL
0x00007ff85f3e0000 - 0x00007ff85f3ec000 	C:\Program Files\Java\jdk-17.0.1\bin\vcruntime140_1.dll
0x00007ff83d940000 - 0x00007ff83d9cd000 	C:\Program Files\Java\jdk-17.0.1\bin\msvcp140.dll
0x00007fffe0220000 - 0x00007fffe0dde000 	C:\Program Files\Java\jdk-17.0.1\bin\server\jvm.dll
0x00007ff863c90000 - 0x00007ff863c98000 	C:\WINDOWS\System32\PSAPI.DLL
0x00007ff848230000 - 0x00007ff848239000 	C:\WINDOWS\SYSTEM32\WSOCK32.dll
0x00007ff863970000 - 0x00007ff8639db000 	C:\WINDOWS\System32\WS2_32.dll
0x00007ff851c60000 - 0x00007ff851c87000 	C:\WINDOWS\SYSTEM32\WINMM.dll
0x00007ff85faa0000 - 0x00007ff85fab2000 	C:\WINDOWS\SYSTEM32\kernel.appcore.dll
0x00007ff858c20000 - 0x00007ff858c2a000 	C:\Program Files\Java\jdk-17.0.1\bin\jimage.dll
0x00007ff851f30000 - 0x00007ff852114000 	C:\WINDOWS\SYSTEM32\DBGHELP.DLL
0x00007ff851ef0000 - 0x00007ff851f24000 	C:\WINDOWS\SYSTEM32\dbgcore.DLL
0x00007ff862370000 - 0x00007ff8623f2000 	C:\WINDOWS\System32\bcryptPrimitives.dll
0x00007ff85c310000 - 0x00007ff85c31e000 	C:\Program Files\Java\jdk-17.0.1\bin\instrument.dll
0x00007ff8486a0000 - 0x00007ff8486c5000 	C:\Program Files\Java\jdk-17.0.1\bin\java.dll
0x00007ff821190000 - 0x00007ff821266000 	C:\Program Files\Java\jdk-17.0.1\bin\svml.dll
0x00007ff8629d0000 - 0x00007ff863114000 	C:\WINDOWS\System32\SHELL32.dll
0x00007ff85fca0000 - 0x00007ff860434000 	C:\WINDOWS\SYSTEM32\windows.storage.dll
0x00007ff8641b0000 - 0x00007ff864504000 	C:\WINDOWS\System32\combase.dll
0x00007ff861540000 - 0x00007ff86156e000 	C:\WINDOWS\SYSTEM32\Wldp.dll
0x00007ff862920000 - 0x00007ff8629cd000 	C:\WINDOWS\System32\SHCORE.dll
0x00007ff863bd0000 - 0x00007ff863c25000 	C:\WINDOWS\System32\shlwapi.dll
0x00007ff861b60000 - 0x00007ff861b85000 	C:\WINDOWS\SYSTEM32\profapi.dll
0x00007ff8472d0000 - 0x00007ff8472e8000 	C:\Program Files\Java\jdk-17.0.1\bin\zip.dll
0x00007ff858c00000 - 0x00007ff858c19000 	C:\Program Files\Java\jdk-17.0.1\bin\net.dll
0x00007ff858380000 - 0x00007ff85848a000 	C:\WINDOWS\SYSTEM32\WINHTTP.dll
0x00007ff861300000 - 0x00007ff86136a000 	C:\WINDOWS\system32\mswsock.dll
0x00007ff8472f0000 - 0x00007ff847305000 	C:\Program Files\Java\jdk-17.0.1\bin\nio.dll
0x00007ff847040000 - 0x00007ff84705a000 	C:\Program Files\JetBrains\IntelliJ IDEA Community Edition 2022.3.3\bin\breakgen64.dll

dbghelp: loaded successfully - version: 4.0.5 - missing functions: none
symbol engine: initialized successfully - sym options: 0x614 - pdb path: .;C:\Program Files\Java\jdk-17.0.1\bin;C:\WINDOWS\SYSTEM32;C:\Program Files\AVAST Software\Avast;C:\WINDOWS\WinSxS\amd64_microsoft.windows.common-controls_6595b64144ccf1df_6.0.19041.1110_none_60b5254171f9507e;C:\Program Files\Java\jdk-17.0.1\bin\server;C:\Program Files\JetBrains\IntelliJ IDEA Community Edition 2022.3.3\bin

VM Arguments:
jvm_args: -javaagent:C:\Program Files\JetBrains\IntelliJ IDEA Community Edition 2022.3.3\lib\idea_rt.jar=59952:C:\Program Files\JetBrains\IntelliJ IDEA Community Edition 2022.3.3\bin -Dfile.encoding=UTF-8 
java_command: com.example.demo.DemoApplication
java_class_path (initial): C:\Users\Desta Gebre\Desktop\MIU\SE\eRegistrar\target\classes;C:\Users\Desta Gebre\.m2\repository\org\springframework\boot\spring-boot-starter-data-jpa\3.1.3\spring-boot-starter-data-jpa-3.1.3.jar;C:\Users\Desta Gebre\.m2\repository\org\springframework\boot\spring-boot-starter-aop\3.1.3\spring-boot-starter-aop-3.1.3.jar;C:\Users\Desta Gebre\.m2\repository\org\springframework\spring-aop\6.0.11\spring-aop-6.0.11.jar;C:\Users\Desta Gebre\.m2\repository\org\aspectj\aspectjweaver\1.9.20\aspectjweaver-1.9.20.jar;C:\Users\Desta Gebre\.m2\repository\org\springframework\boot\spring-boot-starter-jdbc\3.1.3\spring-boot-starter-jdbc-3.1.3.jar;C:\Users\Desta Gebre\.m2\repository\com\zaxxer\HikariCP\5.0.1\HikariCP-5.0.1.jar;C:\Users\Desta Gebre\.m2\repository\org\springframework\spring-jdbc\6.0.11\spring-jdbc-6.0.11.jar;C:\Users\Desta Gebre\.m2\repository\org\hibernate\orm\hibernate-core\6.2.7.Final\hibernate-core-6.2.7.Final.jar;C:\Users\Desta Gebre\.m2\repository\jakarta\persistence\jakarta.persistence-api\3.1.0\jakarta.persistence-api-3.1.0.jar;C:\Users\Desta Gebre\.m2\repository\jakarta\transaction\jakarta.transaction-api\2.0.1\jakarta.transaction-api-2.0.1.jar;C:\Users\Desta Gebre\.m2\repository\org\jboss\logging\jboss-logging\3.5.3.Final\jboss-logging-3.5.3.Final.jar;C:\Users\Desta Gebre\.m2\repository\org\hibernate\common\hibernate-commons-annotations\6.0.6.Final\hibernate-commons-annotations-6.0.6.Final.jar;C:\Users\Desta Gebre\.m2\repository\io\smallrye\jandex\3.0.5\jandex-3.0.5.jar;C:\Users\Desta Gebre\.m2\repository\com\fasterxml\classmate\1.5.1\classmate-1.5.1.jar;C:\Users\Desta Gebre\.m2\repository\net\bytebuddy\byte-buddy\1.14.6\byte-buddy-1.14.6.jar;C:\Users\Desta Gebre\.m2\repository\org\glassfish\jaxb\jaxb-runtime\4.0.3\jaxb-runtime-4.0.3.jar;C:\Users\Desta Gebre\.m2\repository\org\glassfish\jaxb\jaxb-core\4.0.3\jaxb-core-4.0.3.jar;C:\Users\Desta Gebre\.m2\repository\org\eclipse\angus\angus-activation\2.0.1\angus-activation-2.0.1.jar;
Launcher Type: SUN_STANDARD

[Global flags]
     intx CICompilerCount                          = 3                                         {product} {ergonomic}
     uint ConcGCThreads                            = 1                                         {product} {ergonomic}
     uint G1ConcRefinementThreads                  = 4                                         {product} {ergonomic}
   size_t G1HeapRegionSize                         = 1048576                                   {product} {ergonomic}
    uintx GCDrainStackTargetSize                   = 64                                        {product} {ergonomic}
   size_t InitialHeapSize                          = 134217728                                 {product} {ergonomic}
   size_t MarkStackSize                            = 4194304                                   {product} {ergonomic}
   size_t MaxHeapSize                              = 2116026368                                {product} {ergonomic}
   size_t MaxNewSize                               = 1268776960                                {product} {ergonomic}
   size_t MinHeapDeltaBytes                        = 1048576                                   {product} {ergonomic}
   size_t MinHeapSize                              = 8388608                                   {product} {ergonomic}
    uintx NonNMethodCodeHeapSize                   = 5832780                                {pd product} {ergonomic}
    uintx NonProfiledCodeHeapSize                  = 122912730                              {pd product} {ergonomic}
    uintx ProfiledCodeHeapSize                     = 122912730                              {pd product} {ergonomic}
    uintx ReservedCodeCacheSize                    = 251658240                              {pd product} {ergonomic}
     bool SegmentedCodeCache                       = true                                      {product} {ergonomic}
   size_t SoftMaxHeapSize                          = 2116026368                             {manageable} {ergonomic}
     bool UseCompressedClassPointers               = true                           {product lp64_product} {ergonomic}
     bool UseCompressedOops                        = true                           {product lp64_product} {ergonomic}
     bool UseG1GC                                  = true                                      {product} {ergonomic}
     bool UseLargePagesIndividualAllocation        = false                                  {pd product} {ergonomic}

Logging:
Log output configuration:
 #0: stdout all=warning uptime,level,tags
 #1: stderr all=off uptime,level,tags

Environment Variables:
JAVA_HOME=C:\Program Files\Java\jdk-13.0.2
PATH=C:\Program Files\Java\jdk-13.0.2\bin;C:\Python310\Scripts\;C:\Python310\;C:\Program Files\Common Files\Oracle\Java\javapath;C:\Windows\system32;C:\Windows;C:\Windows\System32\Wbem;C:\Windows\System32\WindowsPowerShell\v1.0\;C:\Windows\System32\OpenSSH\;C:\Program Files\Intel\WiFi\bin\;C:\Program Files\Common Files\Intel\WirelessCommon\;C:\Program Files (x86)\NVIDIA Corporation\PhysX\Common;C:\Program Files\dotnet\;C:\Program Files\Microsoft SQL Server\130\Tools\Binn\;C:\wamp64\bin\php\php7.2.10;C:\ProgramData\ComposerSetup\bin;C:\Program Files\Git\cmd;C:\WINDOWS\system32;C:\WINDOWS;C:\WINDOWS\System32\Wbem;C:\WINDOWS\System32\WindowsPowerShell\v1.0\;C:\WINDOWS\System32\OpenSSH\;C:\WINDOWS\system32\config\systemprofile\AppData\Roaming\npm;C:\Program Files\PuTTY\;C:\Program Files (x86)\Windows Kits\8.1\Windows Performance Toolkit\;C:\Program Files\MongoDB\Server\4.2\bin;C:\Program Files\MySQL\MySQL Server 8.0\bin;C:\src\flutter\bin;C:\Program Files\apache-maven-3.8.4\bin;C:\Program Files\apache-tomcat-9.0.55\bin;C:\curl;C:\ProgramData\chocolatey\bin;C:\Program Files\Docker\Docker\resources\bin;C:\ProgramData\DockerDesktop\version-bin;C:\Program Files\nodejs\;C:\Program Files\Microsoft SQL Server\Client SDK\ODBC\170\Tools\Binn\;C:\Program Files (x86)\Microsoft SQL Server\150\Tools\Binn\;C:\Program Files\Microsoft SQL Server\150\Tools\Binn\;C:\Program Files\Microsoft SQL Server\150\DTS\Binn\;C:\Program Files\PowerShell\7\;C:\Python310\Scripts\;C:\Python310\;C:\Program Files\Common Files\Oracle\Java\javapath;C:\Windows\system32;C:\Windows;C:\Windows\System32\Wbem;C:\Windows\System32\WindowsPowerShell\v1.0\;C:\Windows\System32\OpenSSH\;C:\Program Files\Intel\WiFi\bin\;C:\Program Files\Common Files\Intel\WirelessCommon\;C:\Program Files (x86)\NVIDIA Corporation\PhysX\Common;C:\Program Files\dotnet\;C:\Program Files\Microsoft SQL Server\130\Tools\Binn\;C:\wamp64\bin\php\php7.2.10;C:\ProgramData\ComposerSetup\bin;C:\Program Files\Git\cmd;C:\WINDOWS\system32;C:\WINDOWS;C:\W
USERNAME=Desta Gebre
OS=Windows_NT
PROCESSOR_IDENTIFIER=Intel64 Family 6 Model 158 Stepping 9, GenuineIntel



---------------  S Y S T E M  ---------------

OS:
 Windows 10 , 64 bit Build 19041 (10.0.19041.3155)
OS uptime: 0 days 3:13 hours
Hyper-V role detected

CPU: total 4 (initial active 4) (4 cores per cpu, 1 threads per core) family 6 model 158 stepping 9 microcode 0xb4, cx8, cmov, fxsr, mmx, 3dnowpref, sse, sse2, sse3, ssse3, sse4.1, sse4.2, popcnt, lzcnt, tsc, tscinvbit, avx, avx2, aes, erms, clmul, bmi1, bmi2, adx, fma, vzeroupper, clflush, clflushopt, hv

Memory: 4k page, system-wide physical 8069M (1242M free)
TotalPageFile size 13425M (AvailPageFile size 1M)
current process WorkingSet (physical memory assigned to process): 113M, peak: 113M
current process commit charge ("private bytes"): 244M, peak: 244M

vm_info: Java HotSpot(TM) 64-Bit Server VM (17.0.1+12-LTS-39) for windows-amd64 JRE (17.0.1+12-LTS-39), built on Sep 27 2021 18:41:35 by "mach5one" with MS VC++ 16.8 (VS2019)

END.
